D:\CODING\C#\ESA_AC -FILESERVER VERSION\PROCESSHELPER\RELEASE\PROCESSHELPER.PCH
D:\CODING\C#\ESA_AC -FILESERVER VERSION\PROCESSHELPER\RELEASE\STDAFX.OBJ
D:\CODING\C#\ESA_AC -FILESERVER VERSION\PROCESSHELPER\RELEASE\VC100.PDB
D:\CODING\C#\ESA_AC -FILESERVER VERSION\PROCESSHELPER\RELEASE\PROCESSHELPER.OBJ
D:\CODING\C#\ESA_AC -FILESERVER VERSION\PROCESSHELPER\RELEASE\ASSEMBLYINFO.OBJ
D:\CODING\C#\ESA_AC -FILESERVER VERSION\PROCESSHELPER\RELEASE\.NETFRAMEWORK,VERSION=V4.0.ASSEMBLYATTRIBUTES.OBJ
D:\CODING\C#\ESA_AC -FILESERVER VERSION\RELEASE\PROCESSHELPER.DLL
D:\CODING\C#\ESA_AC -FILESERVER VERSION\PROCESSHELPER\RELEASE\PROCESSHELPER.DLL.INTERMEDIATE.MANIFEST
D:\CODING\C#\ESA_AC -FILESERVER VERSION\RELEASE\PROCESSHELPER.PDB
D:\CODING\C#\ESA_AC -FILESERVER VERSION\PROCESSHELPER\RELEASE\APP.RES
D:\Coding\C#\ESA_AC -fileserver version\ProcessHelper\Release\.NETFramework,Version=v4.0.AssemblyAttributes.obj
D:\Coding\C#\ESA_AC -fileserver version\ProcessHelper\Release\AssemblyInfo.obj
D:\Coding\C#\ESA_AC -fileserver version\ProcessHelper\Release\ProcessHelper.obj
D:\Coding\C#\ESA_AC -fileserver version\ProcessHelper\Release\Stdafx.obj
D:\Coding\C#\ESA_AC -fileserver version\ProcessHelper\Release\cl.command.1.tlog
D:\Coding\C#\ESA_AC -fileserver version\ProcessHelper\Release\CL.read.1.tlog
D:\Coding\C#\ESA_AC -fileserver version\ProcessHelper\Release\CL.write.1.tlog
D:\Coding\C#\ESA_AC -fileserver version\ProcessHelper\Release\link-cvtres.read.1.tlog
D:\Coding\C#\ESA_AC -fileserver version\ProcessHelper\Release\link-cvtres.write.1.tlog
D:\Coding\C#\ESA_AC -fileserver version\ProcessHelper\Release\link.command.1.tlog
D:\Coding\C#\ESA_AC -fileserver version\ProcessHelper\Release\link.read.1.tlog
D:\Coding\C#\ESA_AC -fileserver version\ProcessHelper\Release\link.write.1.tlog
D:\Coding\C#\ESA_AC -fileserver version\ProcessHelper\Release\metagen.read.1.tlog
D:\Coding\C#\ESA_AC -fileserver version\ProcessHelper\Release\metagen.write.1.tlog
D:\Coding\C#\ESA_AC -fileserver version\ProcessHelper\Release\mt.command.1.tlog
D:\Coding\C#\ESA_AC -fileserver version\ProcessHelper\Release\mt.read.1.tlog
D:\Coding\C#\ESA_AC -fileserver version\ProcessHelper\Release\mt.write.1.tlog
D:\Coding\C#\ESA_AC -fileserver version\ProcessHelper\Release\ProcessHelper.write.1.tlog
D:\Coding\C#\ESA_AC -fileserver version\ProcessHelper\Release\rc.command.1.tlog
D:\Coding\C#\ESA_AC -fileserver version\ProcessHelper\Release\rc.read.1.tlog
D:\Coding\C#\ESA_AC -fileserver version\ProcessHelper\Release\rc.write.1.tlog
D:\Coding\C#\ESA_AC -fileserver version\ProcessHelper\Release\ProcessHelper.dll.intermediate.manifest
D:\Coding\C#\ESA_AC -fileserver version\ProcessHelper\Release\app.res
D:\Coding\C#\ESA_AC -fileserver version\ProcessHelper\Release\ProcessHelper.pch
D:\Coding\C#\ESA_AC -fileserver version\ProcessHelper\Release\vc100.pdb
D:\Coding\C#\ESA_AC -fileserver version\ProcessHelper\Release\TZRES.DLL.bi
D:\Coding\C#\ESA_AC -fileserver version\Release\ProcessHelper.pdb
D:\Coding\C#\ESA_AC -fileserver version\Release\ProcessHelper.dll
